The system is: Darwin - 10.4.0 - i386
Compiling the C compiler identification source file "CMakeCCompilerId.c" succeeded.
Compiler: /opt/local/bin/gcc 
Build flags: 
Id flags: 

The output was:
0


Compilation of the C compiler identification source "CMakeCCompilerId.c" produced "a.out"

The C compiler identification is GNU, found in "/Users/torti/Projets/agrum-trunk/apps/prm_run/CMakeFiles/CompilerIdC/a.out"

Compiling the CXX compiler identification source file "CMakeCXXCompilerId.cpp" succeeded.
Compiler: /usr/bin/c++ 
Build flags: 
Id flags: 

The output was:
0
CMakeCXXCompilerId.cpp:79: warning: deprecated conversion from string constant to ‘char*’
CMakeCXXCompilerId.cpp:192: warning: deprecated conversion from string constant to ‘char*’
CMakeCXXCompilerId.cpp:193: warning: deprecated conversion from string constant to ‘char*’


Compilation of the CXX compiler identification source "CMakeCXXCompilerId.cpp" produced "a.out"

The CXX compiler identification is GNU, found in "/Users/torti/Projets/agrum-trunk/apps/prm_run/CMakeFiles/CompilerIdCXX/a.out"

Determining if the C compiler works passed with the following output:
Change Dir: /Users/torti/Projets/agrum-trunk/apps/prm_run/CMakeFiles/CMakeTmp

Run Build Command:/usr/bin/make "cmTryCompileExec/fast"
/usr/bin/make -f CMakeFiles/cmTryCompileExec.dir/build.make CMakeFiles/cmTryCompileExec.dir/build
/opt/local/bin/cmake -E cmake_progress_report /Users/torti/Projets/agrum-trunk/apps/prm_run/CMakeFiles/CMakeTmp/CMakeFiles 1
Building C object CMakeFiles/cmTryCompileExec.dir/testCCompiler.c.o
/opt/local/bin/gcc    -o CMakeFiles/cmTryCompileExec.dir/testCCompiler.c.o   -c /Users/torti/Projets/agrum-trunk/apps/prm_run/CMakeFiles/CMakeTmp/testCCompiler.c
Linking C executable cmTryCompileExec
/opt/local/bin/cmake -E cmake_link_script CMakeFiles/cmTryCompileExec.dir/link.txt --verbose=1
/opt/local/bin/gcc      -Wl,-search_paths_first -headerpad_max_install_names  CMakeFiles/cmTryCompileExec.dir/testCCompiler.c.o  -o cmTryCompileExec  


Detecting C compiler ABI info compiled with the following output:
Change Dir: /Users/torti/Projets/agrum-trunk/apps/prm_run/CMakeFiles/CMakeTmp

Run Build Command:/usr/bin/make "cmTryCompileExec/fast"
/usr/bin/make -f CMakeFiles/cmTryCompileExec.dir/build.make CMakeFiles/cmTryCompileExec.dir/build
/opt/local/bin/cmake -E cmake_progress_report /Users/torti/Projets/agrum-trunk/apps/prm_run/CMakeFiles/CMakeTmp/CMakeFiles 1
Building C object CMakeFiles/cmTryCompileExec.dir/CMakeCCompilerABI.c.o
/opt/local/bin/gcc    -o CMakeFiles/cmTryCompileExec.dir/CMakeCCompilerABI.c.o   -c /opt/local/share/cmake-2.8/Modules/CMakeCCompilerABI.c
Linking C executable cmTryCompileExec
/opt/local/bin/cmake -E cmake_link_script CMakeFiles/cmTryCompileExec.dir/link.txt --verbose=1
/opt/local/bin/gcc      -Wl,-search_paths_first -headerpad_max_install_names -v CMakeFiles/cmTryCompileExec.dir/CMakeCCompilerABI.c.o  -o cmTryCompileExec   
Using built-in specs.
Target: x86_64-apple-darwin10
Configured with: ../gcc-4.4.4/configure --prefix=/opt/local --build=x86_64-apple-darwin10 --enable-languages=c,c++,objc,obj-c++,java,fortran --libdir=/opt/local/lib/gcc44 --includedir=/opt/local/include/gcc44 --infodir=/opt/local/share/info --mandir=/opt/local/share/man --with-local-prefix=/opt/local --with-system-zlib --disable-nls --program-suffix=-mp-4.4 --with-gxx-include-dir=/opt/local/include/gcc44/c++/ --with-gmp=/opt/local --with-mpfr=/opt/local --enable-stage1-checking --disable-multilib --enable-fully-dynamic-string
Thread model: posix
gcc version 4.4.4 (GCC) 
COMPILER_PATH=/opt/local/libexec/gcc/x86_64-apple-darwin10/4.4.4/:/opt/local/libexec/gcc/x86_64-apple-darwin10/4.4.4/:/opt/local/libexec/gcc/x86_64-apple-darwin10/:/opt/local/lib/gcc44/gcc/x86_64-apple-darwin10/4.4.4/:/opt/local/lib/gcc44/gcc/x86_64-apple-darwin10/
LIBRARY_PATH=/opt/local/lib/gcc44/gcc/x86_64-apple-darwin10/4.4.4/:/opt/local/lib/gcc44/gcc/x86_64-apple-darwin10/4.4.4/../../../:/usr/lib/
COLLECT_GCC_OPTIONS='-mmacosx-version-min=10.6.4' '-headerpad_max_install_names' '-v' '-o' 'cmTryCompileExec' '-mtune=generic'
 /opt/local/libexec/gcc/x86_64-apple-darwin10/4.4.4/collect2 -dynamic -arch x86_64 -headerpad_max_install_names -macosx_version_min 10.6.4 -weak_reference_mismatches non-weak -o cmTryCompileExec -lcrt1.10.5.o -L/opt/local/lib/gcc44/gcc/x86_64-apple-darwin10/4.4.4 -L/opt/local/lib/gcc44/gcc/x86_64-apple-darwin10/4.4.4/../../.. -search_paths_first CMakeFiles/cmTryCompileExec.dir/CMakeCCompilerABI.c.o -lgcc_s.10.5 -lgcc -lSystem
COLLECT_GCC_OPTIONS='-mmacosx-version-min=10.6.4' '-headerpad_max_install_names' '-v' '-o' 'cmTryCompileExec' '-mtune=generic'


Parsed C implicit link information from above output:
  link line regex: [^( *|.*[/\])(ld|ld|collect2)[^/\]*( |$)]
  ignore line: [Change Dir: /Users/torti/Projets/agrum-trunk/apps/prm_run/CMakeFiles/CMakeTmp]
  ignore line: []
  ignore line: [Run Build Command:/usr/bin/make "cmTryCompileExec/fast"]
  ignore line: [/usr/bin/make -f CMakeFiles/cmTryCompileExec.dir/build.make CMakeFiles/cmTryCompileExec.dir/build]
  ignore line: [/opt/local/bin/cmake -E cmake_progress_report /Users/torti/Projets/agrum-trunk/apps/prm_run/CMakeFiles/CMakeTmp/CMakeFiles 1]
  ignore line: [Building C object CMakeFiles/cmTryCompileExec.dir/CMakeCCompilerABI.c.o]
  ignore line: [/opt/local/bin/gcc    -o CMakeFiles/cmTryCompileExec.dir/CMakeCCompilerABI.c.o   -c /opt/local/share/cmake-2.8/Modules/CMakeCCompilerABI.c]
  ignore line: [Linking C executable cmTryCompileExec]
  ignore line: [/opt/local/bin/cmake -E cmake_link_script CMakeFiles/cmTryCompileExec.dir/link.txt --verbose=1]
  ignore line: [/opt/local/bin/gcc      -Wl,-search_paths_first -headerpad_max_install_names -v CMakeFiles/cmTryCompileExec.dir/CMakeCCompilerABI.c.o  -o cmTryCompileExec   ]
  ignore line: [Using built-in specs.]
  ignore line: [Target: x86_64-apple-darwin10]
  ignore line: [Configured with: ../gcc-4.4.4/configure --prefix=/opt/local --build=x86_64-apple-darwin10 --enable-languages=c,c++,objc,obj-c++,java,fortran --libdir=/opt/local/lib/gcc44 --includedir=/opt/local/include/gcc44 --infodir=/opt/local/share/info --mandir=/opt/local/share/man --with-local-prefix=/opt/local --with-system-zlib --disable-nls --program-suffix=-mp-4.4 --with-gxx-include-dir=/opt/local/include/gcc44/c++/ --with-gmp=/opt/local --with-mpfr=/opt/local --enable-stage1-checking --disable-multilib --enable-fully-dynamic-string]
  ignore line: [Thread model: posix]
  ignore line: [gcc version 4.4.4 (GCC) ]
  ignore line: [COMPILER_PATH=/opt/local/libexec/gcc/x86_64-apple-darwin10/4.4.4/:/opt/local/libexec/gcc/x86_64-apple-darwin10/4.4.4/:/opt/local/libexec/gcc/x86_64-apple-darwin10/:/opt/local/lib/gcc44/gcc/x86_64-apple-darwin10/4.4.4/:/opt/local/lib/gcc44/gcc/x86_64-apple-darwin10/]
  ignore line: [LIBRARY_PATH=/opt/local/lib/gcc44/gcc/x86_64-apple-darwin10/4.4.4/:/opt/local/lib/gcc44/gcc/x86_64-apple-darwin10/4.4.4/../../../:/usr/lib/]
  ignore line: [COLLECT_GCC_OPTIONS='-mmacosx-version-min=10.6.4' '-headerpad_max_install_names' '-v' '-o' 'cmTryCompileExec' '-mtune=generic']
  link line: [ /opt/local/libexec/gcc/x86_64-apple-darwin10/4.4.4/collect2 -dynamic -arch x86_64 -headerpad_max_install_names -macosx_version_min 10.6.4 -weak_reference_mismatches non-weak -o cmTryCompileExec -lcrt1.10.5.o -L/opt/local/lib/gcc44/gcc/x86_64-apple-darwin10/4.4.4 -L/opt/local/lib/gcc44/gcc/x86_64-apple-darwin10/4.4.4/../../.. -search_paths_first CMakeFiles/cmTryCompileExec.dir/CMakeCCompilerABI.c.o -lgcc_s.10.5 -lgcc -lSystem]
    arg [/opt/local/libexec/gcc/x86_64-apple-darwin10/4.4.4/collect2] ==> ignore
    arg [-dynamic] ==> ignore
    arg [-arch] ==> ignore
    arg [x86_64] ==> ignore
    arg [-headerpad_max_install_names] ==> ignore
    arg [-macosx_version_min] ==> ignore
    arg [10.6.4] ==> ignore
    arg [-weak_reference_mismatches] ==> ignore
    arg [non-weak] ==> ignore
    arg [-o] ==> ignore
    arg [cmTryCompileExec] ==> ignore
    arg [-lcrt1.10.5.o] ==> lib [crt1.10.5.o]
    arg [-L/opt/local/lib/gcc44/gcc/x86_64-apple-darwin10/4.4.4] ==> dir [/opt/local/lib/gcc44/gcc/x86_64-apple-darwin10/4.4.4]
    arg [-L/opt/local/lib/gcc44/gcc/x86_64-apple-darwin10/4.4.4/../../..] ==> dir [/opt/local/lib/gcc44/gcc/x86_64-apple-darwin10/4.4.4/../../..]
    arg [-search_paths_first] ==> ignore
    arg [CMakeFiles/cmTryCompileExec.dir/CMakeCCompilerABI.c.o] ==> ignore
    arg [-lgcc_s.10.5] ==> lib [gcc_s.10.5]
    arg [-lgcc] ==> lib [gcc]
    arg [-lSystem] ==> lib [System]
  remove lib [crt1.10.5.o]
  remove lib [gcc_s.10.5]
  remove lib [gcc]
  remove lib [System]
  collapse dir [/opt/local/lib/gcc44/gcc/x86_64-apple-darwin10/4.4.4] ==> [/opt/local/lib/gcc44/gcc/x86_64-apple-darwin10/4.4.4]
  collapse dir [/opt/local/lib/gcc44/gcc/x86_64-apple-darwin10/4.4.4/../../..] ==> [/opt/local/lib/gcc44]
  implicit libs: []
  implicit dirs: [/opt/local/lib/gcc44/gcc/x86_64-apple-darwin10/4.4.4;/opt/local/lib/gcc44]


Determining if the CXX compiler works passed with the following output:
Change Dir: /Users/torti/Projets/agrum-trunk/apps/prm_run/CMakeFiles/CMakeTmp

Run Build Command:/usr/bin/make "cmTryCompileExec/fast"
/usr/bin/make -f CMakeFiles/cmTryCompileExec.dir/build.make CMakeFiles/cmTryCompileExec.dir/build
/opt/local/bin/cmake -E cmake_progress_report /Users/torti/Projets/agrum-trunk/apps/prm_run/CMakeFiles/CMakeTmp/CMakeFiles 1
Building CXX object CMakeFiles/cmTryCompileExec.dir/testCXXCompiler.cxx.o
/usr/bin/c++     -o CMakeFiles/cmTryCompileExec.dir/testCXXCompiler.cxx.o -c /Users/torti/Projets/agrum-trunk/apps/prm_run/CMakeFiles/CMakeTmp/testCXXCompiler.cxx
Linking CXX executable cmTryCompileExec
/opt/local/bin/cmake -E cmake_link_script CMakeFiles/cmTryCompileExec.dir/link.txt --verbose=1
/usr/bin/c++       -Wl,-search_paths_first -headerpad_max_install_names  CMakeFiles/cmTryCompileExec.dir/testCXXCompiler.cxx.o  -o cmTryCompileExec  


Detecting CXX compiler ABI info compiled with the following output:
Change Dir: /Users/torti/Projets/agrum-trunk/apps/prm_run/CMakeFiles/CMakeTmp

Run Build Command:/usr/bin/make "cmTryCompileExec/fast"
/usr/bin/make -f CMakeFiles/cmTryCompileExec.dir/build.make CMakeFiles/cmTryCompileExec.dir/build
/opt/local/bin/cmake -E cmake_progress_report /Users/torti/Projets/agrum-trunk/apps/prm_run/CMakeFiles/CMakeTmp/CMakeFiles 1
Building CXX object CMakeFiles/cmTryCompileExec.dir/CMakeCXXCompilerABI.cpp.o
/usr/bin/c++     -o CMakeFiles/cmTryCompileExec.dir/CMakeCXXCompilerABI.cpp.o -c /opt/local/share/cmake-2.8/Modules/CMakeCXXCompilerABI.cpp
Linking CXX executable cmTryCompileExec
/opt/local/bin/cmake -E cmake_link_script CMakeFiles/cmTryCompileExec.dir/link.txt --verbose=1
/usr/bin/c++       -Wl,-search_paths_first -headerpad_max_install_names -v CMakeFiles/cmTryCompileExec.dir/CMakeCXXCompilerABI.cpp.o  -o cmTryCompileExec   
Using built-in specs.
Target: i686-apple-darwin10
Configured with: /var/tmp/gcc/gcc-5664~38/src/configure --disable-checking --enable-werror --prefix=/usr --mandir=/share/man --enable-languages=c,objc,c++,obj-c++ --program-transform-name=/^[cg][^.-]*$/s/$/-4.2/ --with-slibdir=/usr/lib --build=i686-apple-darwin10 --program-prefix=i686-apple-darwin10- --host=x86_64-apple-darwin10 --target=i686-apple-darwin10 --with-gxx-include-dir=/include/c++/4.2.1
Thread model: posix
gcc version 4.2.1 (Apple Inc. build 5664)
 /usr/libexec/gcc/i686-apple-darwin10/4.2.1/collect2 -dynamic -arch x86_64 -headerpad_max_install_names -macosx_version_min 10.6.4 -weak_reference_mismatches non-weak -o cmTryCompileExec -lcrt1.10.6.o -L/usr/lib/gcc/i686-apple-darwin10/4.2.1/x86_64 -L/usr/lib/gcc/i686-apple-darwin10/4.2.1/x86_64 -L/usr/lib/i686-apple-darwin10/4.2.1 -L/usr/lib/gcc/i686-apple-darwin10/4.2.1 -L/usr/lib/gcc/i686-apple-darwin10/4.2.1 -L/usr/lib/gcc/i686-apple-darwin10/4.2.1/../../../i686-apple-darwin10/4.2.1 -L/usr/lib/gcc/i686-apple-darwin10/4.2.1/../../.. -search_paths_first CMakeFiles/cmTryCompileExec.dir/CMakeCXXCompilerABI.cpp.o -lstdc++ -lSystem -lgcc -lSystem


Parsed CXX implicit link information from above output:
  link line regex: [^( *|.*[/\])(ld|ld|collect2)[^/\]*( |$)]
  ignore line: [Change Dir: /Users/torti/Projets/agrum-trunk/apps/prm_run/CMakeFiles/CMakeTmp]
  ignore line: []
  ignore line: [Run Build Command:/usr/bin/make "cmTryCompileExec/fast"]
  ignore line: [/usr/bin/make -f CMakeFiles/cmTryCompileExec.dir/build.make CMakeFiles/cmTryCompileExec.dir/build]
  ignore line: [/opt/local/bin/cmake -E cmake_progress_report /Users/torti/Projets/agrum-trunk/apps/prm_run/CMakeFiles/CMakeTmp/CMakeFiles 1]
  ignore line: [Building CXX object CMakeFiles/cmTryCompileExec.dir/CMakeCXXCompilerABI.cpp.o]
  ignore line: [/usr/bin/c++     -o CMakeFiles/cmTryCompileExec.dir/CMakeCXXCompilerABI.cpp.o -c /opt/local/share/cmake-2.8/Modules/CMakeCXXCompilerABI.cpp]
  ignore line: [Linking CXX executable cmTryCompileExec]
  ignore line: [/opt/local/bin/cmake -E cmake_link_script CMakeFiles/cmTryCompileExec.dir/link.txt --verbose=1]
  ignore line: [/usr/bin/c++       -Wl,-search_paths_first -headerpad_max_install_names -v CMakeFiles/cmTryCompileExec.dir/CMakeCXXCompilerABI.cpp.o  -o cmTryCompileExec   ]
  ignore line: [Using built-in specs.]
  ignore line: [Target: i686-apple-darwin10]
  ignore line: [Configured with: /var/tmp/gcc/gcc-5664~38/src/configure --disable-checking --enable-werror --prefix=/usr --mandir=/share/man --enable-languages=c,objc,c++,obj-c++ --program-transform-name=/^[cg][^.-]*$/s/$/-4.2/ --with-slibdir=/usr/lib --build=i686-apple-darwin10 --program-prefix=i686-apple-darwin10- --host=x86_64-apple-darwin10 --target=i686-apple-darwin10 --with-gxx-include-dir=/include/c++/4.2.1]
  ignore line: [Thread model: posix]
  ignore line: [gcc version 4.2.1 (Apple Inc. build 5664)]
  link line: [ /usr/libexec/gcc/i686-apple-darwin10/4.2.1/collect2 -dynamic -arch x86_64 -headerpad_max_install_names -macosx_version_min 10.6.4 -weak_reference_mismatches non-weak -o cmTryCompileExec -lcrt1.10.6.o -L/usr/lib/gcc/i686-apple-darwin10/4.2.1/x86_64 -L/usr/lib/gcc/i686-apple-darwin10/4.2.1/x86_64 -L/usr/lib/i686-apple-darwin10/4.2.1 -L/usr/lib/gcc/i686-apple-darwin10/4.2.1 -L/usr/lib/gcc/i686-apple-darwin10/4.2.1 -L/usr/lib/gcc/i686-apple-darwin10/4.2.1/../../../i686-apple-darwin10/4.2.1 -L/usr/lib/gcc/i686-apple-darwin10/4.2.1/../../.. -search_paths_first CMakeFiles/cmTryCompileExec.dir/CMakeCXXCompilerABI.cpp.o -lstdc++ -lSystem -lgcc -lSystem]
    arg [/usr/libexec/gcc/i686-apple-darwin10/4.2.1/collect2] ==> ignore
    arg [-dynamic] ==> ignore
    arg [-arch] ==> ignore
    arg [x86_64] ==> ignore
    arg [-headerpad_max_install_names] ==> ignore
    arg [-macosx_version_min] ==> ignore
    arg [10.6.4] ==> ignore
    arg [-weak_reference_mismatches] ==> ignore
    arg [non-weak] ==> ignore
    arg [-o] ==> ignore
    arg [cmTryCompileExec] ==> ignore
    arg [-lcrt1.10.6.o] ==> lib [crt1.10.6.o]
    arg [-L/usr/lib/gcc/i686-apple-darwin10/4.2.1/x86_64] ==> dir [/usr/lib/gcc/i686-apple-darwin10/4.2.1/x86_64]
    arg [-L/usr/lib/gcc/i686-apple-darwin10/4.2.1/x86_64] ==> dir [/usr/lib/gcc/i686-apple-darwin10/4.2.1/x86_64]
    arg [-L/usr/lib/i686-apple-darwin10/4.2.1] ==> dir [/usr/lib/i686-apple-darwin10/4.2.1]
    arg [-L/usr/lib/gcc/i686-apple-darwin10/4.2.1] ==> dir [/usr/lib/gcc/i686-apple-darwin10/4.2.1]
    arg [-L/usr/lib/gcc/i686-apple-darwin10/4.2.1] ==> dir [/usr/lib/gcc/i686-apple-darwin10/4.2.1]
    arg [-L/usr/lib/gcc/i686-apple-darwin10/4.2.1/../../../i686-apple-darwin10/4.2.1] ==> dir [/usr/lib/gcc/i686-apple-darwin10/4.2.1/../../../i686-apple-darwin10/4.2.1]
    arg [-L/usr/lib/gcc/i686-apple-darwin10/4.2.1/../../..] ==> dir [/usr/lib/gcc/i686-apple-darwin10/4.2.1/../../..]
    arg [-search_paths_first] ==> ignore
    arg [CMakeFiles/cmTryCompileExec.dir/CMakeCXXCompilerABI.cpp.o] ==> ignore
    arg [-lstdc++] ==> lib [stdc++]
    arg [-lSystem] ==> lib [System]
    arg [-lgcc] ==> lib [gcc]
    arg [-lSystem] ==> lib [System]
  remove lib [crt1.10.6.o]
  remove lib [System]
  remove lib [gcc]
  remove lib [System]
  collapse dir [/usr/lib/gcc/i686-apple-darwin10/4.2.1/x86_64] ==> [/usr/lib/gcc/i686-apple-darwin10/4.2.1/x86_64]
  collapse dir [/usr/lib/gcc/i686-apple-darwin10/4.2.1/x86_64] ==> [/usr/lib/gcc/i686-apple-darwin10/4.2.1/x86_64]
  collapse dir [/usr/lib/i686-apple-darwin10/4.2.1] ==> [/usr/lib/i686-apple-darwin10/4.2.1]
  collapse dir [/usr/lib/gcc/i686-apple-darwin10/4.2.1] ==> [/usr/lib/gcc/i686-apple-darwin10/4.2.1]
  collapse dir [/usr/lib/gcc/i686-apple-darwin10/4.2.1] ==> [/usr/lib/gcc/i686-apple-darwin10/4.2.1]
  collapse dir [/usr/lib/gcc/i686-apple-darwin10/4.2.1/../../../i686-apple-darwin10/4.2.1] ==> [/usr/lib/i686-apple-darwin10/4.2.1]
  collapse dir [/usr/lib/gcc/i686-apple-darwin10/4.2.1/../../..] ==> [/usr/lib]
  implicit libs: [stdc++]
  implicit dirs: [/usr/lib/gcc/i686-apple-darwin10/4.2.1/x86_64;/usr/lib/i686-apple-darwin10/4.2.1;/usr/lib/gcc/i686-apple-darwin10/4.2.1;/usr/lib]


